# Histogram
000000 000000	000000	000000	000000	000000
000001 000000	000000	000000	000000	000000
000002 000000	000000	000000	000000	000000
000003 000000	000000	000000	000000	000000
000004 000000	000000	000000	000000	000000
000005 000000	000000	000000	000000	000000
000006 000000	000000	000000	000000	000000
000007 000000	000000	000000	000000	000000
000008 000000	000000	000000	000000	000000
000009 000000	000000	000000	000000	000000
000010 000000	000000	000000	000000	000000
000011 000000	000000	000000	000000	000000
000012 000000	000000	000000	000000	000000
000013 697492	000022	000055	000004	697573
000014 17326062	9837024	7213570	7020586	41397242
000015 10949622	14546614	15173893	16374005	57044134
000016 5424902	7058569	8428510	7728223	28640204
000017 874146	3150375	3706418	3653464	11384403
000018 338701	721403	830733	627634	2518471
000019 179184	355143	319507	297371	1151205
000020 092367	156360	157005	140758	546490
000021 048520	077087	081150	072618	279375
000022 024977	040832	040237	035560	141606
000023 014268	021597	019919	017482	073266
000024 009372	012799	010691	009593	042455
000025 006200	008610	006282	005844	026936
000026 004004	005231	003736	003814	016785
000027 002812	003088	002406	003011	011317
000028 001854	001974	001592	002594	008014
000029 001509	001189	001130	002066	005894
000030 001452	000771	000805	001964	004992
000031 001101	000513	000645	001504	003763
000032 000674	000315	000427	000903	002319
000033 000295	000186	000310	000422	001213
000034 000177	000106	000245	000191	000719
000035 000129	000047	000170	000082	000428
000036 000064	000033	000144	000049	000290
000037 000041	000014	000105	000037	000197
000038 000034	000016	000088	000027	000165
000039 000014	000014	000046	000015	000089
000040 000011	000004	000025	000008	000048
000041 000002	000004	000015	000002	000023
000042 000006	000005	000006	000001	000018
000043 000003	000001	000006	000002	000012
000044 000001	000000	000004	000000	000005
000045 000002	000001	000002	000001	000006
000046 000002	000001	000001	000001	000005
000047 000000	000000	000002	000000	000002
000048 000000	000001	000000	000000	000001
000049 000000	000000	000000	000000	000000
000050 000000	000001	000002	000000	000003
000051 000000	000000	000001	000001	000002
000052 000000	000000	000000	000000	000000
000053 000000	000000	000000	000000	000000
000054 000000	000000	000000	000000	000000
000055 000000	000000	000001	000000	000001
000056 000000	000000	000001	000000	000001
000057 000000	000000	000000	000000	000000
000058 000000	000000	000000	000000	000000
000059 000000	000000	000000	000000	000000
000060 000000	000000	000001	000000	000001
000061 000000	000000	000000	000000	000000
000062 000000	000000	000000	000000	000000
000063 000000	000000	000000	000000	000000
000064 000000	000000	000000	000000	000000
000065 000000	000000	000000	000000	000000
000066 000000	000000	000000	000000	000000
000067 000000	000000	000000	000000	000000
000068 000000	000000	000000	000000	000000
000069 000000	000000	000000	000000	000000
000070 000000	000000	000000	000000	000000
000071 000000	000000	000000	000000	000000
000072 000000	000000	000000	000000	000000
000073 000000	000000	000000	000000	000000
000074 000000	000000	000000	000000	000000
000075 000000	000000	000000	000000	000000
000076 000000	000000	000000	000000	000000
000077 000000	000000	000000	000000	000000
000078 000000	000000	000000	000000	000000
000079 000000	000000	000000	000000	000000
000080 000000	000000	000000	000000	000000
000081 000000	000000	000000	000000	000000
000082 000000	000000	000000	000000	000000
000083 000000	000000	000000	000000	000000
000084 000000	000000	000000	000000	000000
000085 000000	000000	000000	000000	000000
000086 000000	000000	000000	000000	000000
000087 000000	000000	000000	000000	000000
000088 000000	000000	000000	000000	000000
000089 000000	000000	000000	000000	000000
000090 000000	000000	000000	000000	000000
000091 000000	000000	000000	000000	000000
000092 000000	000000	000000	000000	000000
000093 000000	000000	000000	000000	000000
000094 000000	000000	000000	000000	000000
000095 000000	000000	000000	000000	000000
000096 000000	000000	000000	000000	000000
000097 000000	000000	000000	000000	000000
000098 000000	000000	000000	000000	000000
000099 000000	000000	000000	000000	000000
000100 000000	000000	000000	000000	000000
000101 000000	000000	000000	000000	000000
000102 000000	000000	000000	000000	000000
000103 000000	000000	000000	000000	000000
000104 000000	000000	000000	000000	000000
000105 000000	000000	000000	000000	000000
000106 000000	000000	000000	000000	000000
000107 000000	000000	000000	000000	000000
000108 000000	000000	000000	000000	000000
000109 000000	000000	000000	000000	000000
000110 000000	000000	000000	000000	000000
000111 000000	000000	000000	000000	000000
000112 000000	000000	000000	000000	000000
000113 000000	000000	000000	000000	000000
000114 000000	000000	000000	000000	000000
000115 000000	000000	000000	000000	000000
000116 000000	000000	000000	000000	000000
000117 000000	000000	000000	000000	000000
000118 000000	000000	000000	000000	000000
000119 000000	000000	000000	000000	000000
000120 000000	000000	000000	000000	000000
000121 000000	000000	000000	000000	000000
000122 000000	000000	000000	000000	000000
000123 000000	000000	000000	000000	000000
000124 000000	000000	000000	000000	000000
000125 000000	000000	000000	000000	000000
000126 000000	000000	000000	000000	000000
000127 000000	000000	000000	000000	000000
000128 000000	000000	000000	000000	000000
000129 000000	000000	000000	000000	000000
000130 000000	000000	000000	000000	000000
000131 000000	000000	000000	000000	000000
000132 000000	000000	000000	000000	000000
000133 000000	000000	000000	000000	000000
000134 000000	000000	000000	000000	000000
000135 000000	000000	000000	000000	000000
000136 000000	000000	000000	000000	000000
000137 000000	000000	000000	000000	000000
000138 000000	000000	000000	000000	000000
000139 000000	000000	000000	000000	000000
000140 000000	000000	000000	000000	000000
000141 000000	000000	000000	000000	000000
000142 000000	000000	000000	000000	000000
000143 000000	000000	000000	000000	000000
000144 000000	000000	000000	000000	000000
000145 000000	000000	000000	000000	000000
000146 000000	000000	000000	000000	000000
000147 000000	000000	000000	000000	000000
000148 000000	000000	000000	000000	000000
000149 000000	000000	000000	000000	000000
000150 000000	000000	000000	000000	000000
000151 000000	000000	000000	000000	000000
000152 000000	000000	000000	000000	000000
000153 000000	000000	000000	000000	000000
000154 000000	000000	000000	000000	000000
000155 000000	000000	000000	000000	000000
000156 000000	000000	000000	000000	000000
000157 000000	000000	000000	000000	000000
000158 000000	000000	000000	000000	000000
000159 000000	000000	000000	000000	000000
000160 000000	000000	000000	000000	000000
000161 000000	000000	000000	000000	000000
000162 000000	000000	000000	000000	000000
000163 000000	000000	000000	000000	000000
000164 000000	000000	000000	000000	000000
000165 000000	000000	000000	000000	000000
000166 000000	000000	000000	000000	000000
000167 000000	000000	000000	000000	000000
000168 000000	000000	000000	000000	000000
000169 000000	000000	000000	000000	000000
000170 000000	000000	000000	000000	000000
000171 000000	000000	000000	000000	000000
000172 000000	000000	000000	000000	000000
000173 000000	000000	000000	000000	000000
000174 000000	000000	000000	000000	000000
000175 000000	000000	000000	000000	000000
000176 000000	000000	000000	000000	000000
000177 000000	000000	000000	000000	000000
000178 000000	000000	000000	000000	000000
000179 000000	000000	000000	000000	000000
000180 000000	000000	000000	000000	000000
000181 000000	000000	000000	000000	000000
000182 000000	000000	000000	000000	000000
000183 000000	000000	000000	000000	000000
000184 000000	000000	000000	000000	000000
000185 000000	000000	000000	000000	000000
000186 000000	000000	000000	000000	000000
000187 000000	000000	000000	000000	000000
000188 000000	000000	000000	000000	000000
000189 000000	000000	000000	000000	000000
000190 000000	000000	000000	000000	000000
000191 000000	000000	000000	000000	000000
000192 000000	000000	000000	000000	000000
000193 000000	000000	000000	000000	000000
000194 000000	000000	000000	000000	000000
000195 000000	000000	000000	000000	000000
000196 000000	000000	000000	000000	000000
000197 000000	000000	000000	000000	000000
000198 000000	000000	000000	000000	000000
000199 000000	000000	000000	000000	000000
000200 000000	000000	000000	000000	000000
000201 000000	000000	000000	000000	000000
000202 000000	000000	000000	000000	000000
000203 000000	000000	000000	000000	000000
000204 000000	000000	000000	000000	000000
000205 000000	000000	000000	000000	000000
000206 000000	000000	000000	000000	000000
000207 000000	000000	000000	000000	000000
000208 000000	000000	000000	000000	000000
000209 000000	000000	000000	000000	000000
000210 000000	000000	000000	000000	000000
000211 000000	000000	000000	000000	000000
000212 000000	000000	000000	000000	000000
000213 000000	000000	000000	000000	000000
000214 000000	000000	000000	000000	000000
000215 000000	000000	000000	000000	000000
000216 000000	000000	000000	000000	000000
000217 000000	000000	000000	000000	000000
000218 000000	000000	000000	000000	000000
000219 000000	000000	000000	000000	000000
000220 000000	000000	000000	000000	000000
000221 000000	000000	000000	000000	000000
000222 000000	000000	000000	000000	000000
000223 000000	000000	000000	000000	000000
000224 000000	000000	000000	000000	000000
000225 000000	000000	000000	000000	000000
000226 000000	000000	000000	000000	000000
000227 000000	000000	000000	000000	000000
000228 000000	000000	000000	000000	000000
000229 000000	000000	000000	000000	000000
000230 000000	000000	000000	000000	000000
000231 000000	000000	000000	000000	000000
000232 000000	000000	000000	000000	000000
000233 000000	000000	000000	000000	000000
000234 000000	000000	000000	000000	000000
000235 000000	000000	000000	000000	000000
000236 000000	000000	000000	000000	000000
000237 000000	000000	000000	000000	000000
000238 000000	000000	000000	000000	000000
000239 000000	000000	000000	000000	000000
000240 000000	000000	000000	000000	000000
000241 000000	000000	000000	000000	000000
000242 000000	000000	000000	000000	000000
000243 000000	000000	000000	000000	000000
000244 000000	000000	000000	000000	000000
000245 000000	000000	000000	000000	000000
000246 000000	000000	000000	000000	000000
000247 000000	000000	000000	000000	000000
000248 000000	000000	000000	000000	000000
000249 000000	000000	000000	000000	000000
000250 000000	000000	000000	000000	000000
000251 000000	000000	000000	000000	000000
000252 000000	000000	000000	000000	000000
000253 000000	000000	000000	000000	000000
000254 000000	000000	000000	000000	000000
000255 000000	000000	000000	000000	000000
000256 000000	000000	000000	000000	000000
000257 000000	000000	000000	000000	000000
000258 000000	000000	000000	000000	000000
000259 000000	000000	000000	000000	000000
000260 000000	000000	000000	000000	000000
000261 000000	000000	000000	000000	000000
000262 000000	000000	000000	000000	000000
000263 000000	000000	000000	000000	000000
000264 000000	000000	000000	000000	000000
000265 000000	000000	000000	000000	000000
000266 000000	000000	000000	000000	000000
000267 000000	000000	000000	000000	000000
000268 000000	000000	000000	000000	000000
000269 000000	000000	000000	000000	000000
000270 000000	000000	000000	000000	000000
000271 000000	000000	000000	000000	000000
000272 000000	000000	000000	000000	000000
000273 000000	000000	000000	000000	000000
000274 000000	000000	000000	000000	000000
000275 000000	000000	000000	000000	000000
000276 000000	000000	000000	000000	000000
000277 000000	000000	000000	000000	000000
000278 000000	000000	000000	000000	000000
000279 000000	000000	000000	000000	000000
000280 000000	000000	000000	000000	000000
000281 000000	000000	000000	000000	000000
000282 000000	000000	000000	000000	000000
000283 000000	000000	000000	000000	000000
000284 000000	000000	000000	000000	000000
000285 000000	000000	000000	000000	000000
000286 000000	000000	000000	000000	000000
000287 000000	000000	000000	000000	000000
000288 000000	000000	000000	000000	000000
000289 000000	000000	000000	000000	000000
000290 000000	000000	000000	000000	000000
000291 000000	000000	000000	000000	000000
000292 000000	000000	000000	000000	000000
000293 000000	000000	000000	000000	000000
000294 000000	000000	000000	000000	000000
000295 000000	000000	000000	000000	000000
000296 000000	000000	000000	000000	000000
000297 000000	000000	000000	000000	000000
000298 000000	000000	000000	000000	000000
000299 000000	000000	000000	000000	000000
000300 000000	000000	000000	000000	000000
000301 000000	000000	000000	000000	000000
000302 000000	000000	000000	000000	000000
000303 000000	000000	000000	000000	000000
000304 000000	000000	000000	000000	000000
000305 000000	000000	000000	000000	000000
000306 000000	000000	000000	000000	000000
000307 000000	000000	000000	000000	000000
000308 000000	000000	000000	000000	000000
000309 000000	000000	000000	000000	000000
000310 000000	000000	000000	000000	000000
000311 000000	000000	000000	000000	000000
000312 000000	000000	000000	000000	000000
000313 000000	000000	000000	000000	000000
000314 000000	000000	000000	000000	000000
000315 000000	000000	000000	000000	000000
000316 000000	000000	000000	000000	000000
000317 000000	000000	000000	000000	000000
000318 000000	000000	000000	000000	000000
000319 000000	000000	000000	000000	000000
000320 000000	000000	000000	000000	000000
000321 000000	000000	000000	000000	000000
000322 000000	000000	000000	000000	000000
000323 000000	000000	000000	000000	000000
000324 000000	000000	000000	000000	000000
000325 000000	000000	000000	000000	000000
000326 000000	000000	000000	000000	000000
000327 000000	000000	000000	000000	000000
000328 000000	000000	000000	000000	000000
000329 000000	000000	000000	000000	000000
000330 000000	000000	000000	000000	000000
000331 000000	000000	000000	000000	000000
000332 000000	000000	000000	000000	000000
000333 000000	000000	000000	000000	000000
000334 000000	000000	000000	000000	000000
000335 000000	000000	000000	000000	000000
000336 000000	000000	000000	000000	000000
000337 000000	000000	000000	000000	000000
000338 000000	000000	000000	000000	000000
000339 000000	000000	000000	000000	000000
000340 000000	000000	000000	000000	000000
000341 000000	000000	000000	000000	000000
000342 000000	000000	000000	000000	000000
000343 000000	000000	000000	000000	000000
000344 000000	000000	000000	000000	000000
000345 000000	000000	000000	000000	000000
000346 000000	000000	000000	000000	000000
000347 000000	000000	000000	000000	000000
000348 000000	000000	000000	000000	000000
000349 000000	000000	000000	000000	000000
000350 000000	000000	000000	000000	000000
000351 000000	000000	000000	000000	000000
000352 000000	000000	000000	000000	000000
000353 000000	000000	000000	000000	000000
000354 000000	000000	000000	000000	000000
000355 000000	000000	000000	000000	000000
000356 000000	000000	000000	000000	000000
000357 000000	000000	000000	000000	000000
000358 000000	000000	000000	000000	000000
000359 000000	000000	000000	000000	000000
000360 000000	000000	000000	000000	000000
000361 000000	000000	000000	000000	000000
000362 000000	000000	000000	000000	000000
000363 000000	000000	000000	000000	000000
000364 000000	000000	000000	000000	000000
000365 000000	000000	000000	000000	000000
000366 000000	000000	000000	000000	000000
000367 000000	000000	000000	000000	000000
000368 000000	000000	000000	000000	000000
000369 000000	000000	000000	000000	000000
000370 000000	000000	000000	000000	000000
000371 000000	000000	000000	000000	000000
000372 000000	000000	000000	000000	000000
000373 000000	000000	000000	000000	000000
000374 000000	000000	000000	000000	000000
000375 000000	000000	000000	000000	000000
000376 000000	000000	000000	000000	000000
000377 000000	000000	000000	000000	000000
000378 000000	000000	000000	000000	000000
000379 000000	000000	000000	000000	000000
000380 000000	000000	000000	000000	000000
000381 000000	000000	000000	000000	000000
000382 000000	000000	000000	000000	000000
000383 000000	000000	000000	000000	000000
000384 000000	000000	000000	000000	000000
000385 000000	000000	000000	000000	000000
000386 000000	000000	000000	000000	000000
000387 000000	000000	000000	000000	000000
000388 000000	000000	000000	000000	000000
000389 000000	000000	000000	000000	000000
000390 000000	000000	000000	000000	000000
000391 000000	000000	000000	000000	000000
000392 000000	000000	000000	000000	000000
000393 000000	000000	000000	000000	000000
000394 000000	000000	000000	000000	000000
000395 000000	000000	000000	000000	000000
000396 000000	000000	000000	000000	000000
000397 000000	000000	000000	000000	000000
000398 000000	000000	000000	000000	000000
000399 000000	000000	000000	000000	000000
# Total: 036000000 035999950 035999886 035999837 143999673
# Min Latencies: 00013 00013 00013 00013
# Avg Latencies: 00014 00015 00015 00015
# Max Latencies: 00046 00050 00060 00051 00060
# Histogram Overflows: 00000 00000 00000 00000 00000
# Histogram Overflow at cycle number:
# Thread 0:
# Thread 1:
# Thread 2:
# Thread 3:

